<?xml version="1.0" encoding="UTF-8"?>
<!-- Generated by org.testng.reporters.JUnitXMLReporter -->
<testsuite ignored="10" hostname="LTIN511287" failures="0" tests="5" name="Chrome Test" time="71.395" errors="0" timestamp="2024-04-02T12:16:19 IST">
  <testcase classname="TestCase.TC_01_UserValidation" name="userInfo" time="7.594"/>
  <testcase classname="TestCase.TC_02_WelcomeTextValidation" name="windowSwitch" time="23.071"/>
  <testcase classname="TestCase.TC_03_DefaultCountry_Language" name="countryDef" time="0.346"/>
  <testcase classname="TestCase.TC_04_Language_DropDown" name="listLang" time="0.46"/>
  <testcase classname="TestCase.TC_05_ToolTipList" name="validateGsdDetails" time="14.895"/>
  <testcase classname="TestBase.BaseClass" name="@BeforeTest setup" time="0.0">
    <ignored/>
  </testcase> <!-- @BeforeTest setup -->
  <testcase classname="TestBase.BaseClass" name="@AfterTest exit" time="0.0">
    <ignored/>
  </testcase> <!-- @AfterTest exit -->
  <testcase classname="TestBase.BaseClass" name="@BeforeTest setup" time="0.0">
    <ignored/>
  </testcase> <!-- @BeforeTest setup -->
  <testcase classname="TestBase.BaseClass" name="@BeforeTest setup" time="0.0">
    <ignored/>
  </testcase> <!-- @BeforeTest setup -->
  <testcase classname="TestBase.BaseClass" name="@BeforeTest setup" time="0.0">
    <ignored/>
  </testcase> <!-- @BeforeTest setup -->
  <testcase classname="TestBase.BaseClass" name="@AfterTest exit" time="0.0">
    <ignored/>
  </testcase> <!-- @AfterTest exit -->
  <testcase classname="TestBase.BaseClass" name="@AfterTest exit" time="0.0">
    <ignored/>
  </testcase> <!-- @AfterTest exit -->
  <testcase classname="TestBase.BaseClass" name="@AfterTest exit" time="0.0">
    <ignored/>
  </testcase> <!-- @AfterTest exit -->
  <testcase classname="TestBase.BaseClass" name="@BeforeTest setup" time="0.0">
    <ignored/>
  </testcase> <!-- @BeforeTest setup -->
  <testcase classname="TestBase.BaseClass" name="@AfterTest exit" time="0.0">
    <ignored/>
  </testcase> <!-- @AfterTest exit -->
</testsuite> <!-- Chrome Test -->
