<?xml version="1.0" encoding="UTF-8"?>
<!-- Generated by org.testng.reporters.JUnitXMLReporter -->
<testsuite ignored="10" hostname="LTIN511287" failures="0" tests="5" name="Edge Test" time="8.115" errors="0" timestamp="2024-04-02T12:13:59 IST">
  <testcase classname="TestCase.TC_01_UserValidation" name="userInfo" time="0.0">
    <skipped/>
  </testcase> <!-- userInfo -->
  <testcase classname="TestCase.TC_02_WelcomeTextValidation" name="windowSwitch" time="0.0">
    <skipped/>
  </testcase> <!-- windowSwitch -->
  <testcase classname="TestCase.TC_03_DefaultCountry_Language" name="countryDef" time="0.0">
    <skipped/>
  </testcase> <!-- countryDef -->
  <testcase classname="TestCase.TC_04_Language_DropDown" name="listLang" time="0.0">
    <skipped/>
  </testcase> <!-- listLang -->
  <testcase classname="TestCase.TC_05_ToolTipList" name="validateGsdDetails" time="0.0">
    <skipped/>
  </testcase> <!-- validateGsdDetails -->
  <testcase classname="TestBase.BaseClass" name="@AfterTest exit" time="0.0">
    <ignored/>
  </testcase> <!-- @AfterTest exit -->
  <testcase classname="TestBase.BaseClass" name="@AfterTest exit" time="0.0">
    <ignored/>
  </testcase> <!-- @AfterTest exit -->
  <testcase classname="TestBase.BaseClass" name="@AfterTest exit" time="0.0">
    <ignored/>
  </testcase> <!-- @AfterTest exit -->
  <testcase classname="TestBase.BaseClass" name="@AfterTest exit" time="0.0">
    <ignored/>
  </testcase> <!-- @AfterTest exit -->
  <testcase classname="TestBase.BaseClass" name="@BeforeTest setup" time="0.0">
    <ignored/>
  </testcase> <!-- @BeforeTest setup -->
  <testcase classname="TestBase.BaseClass" name="@BeforeTest setup" time="0.0">
    <ignored/>
  </testcase> <!-- @BeforeTest setup -->
  <testcase classname="TestBase.BaseClass" name="@BeforeTest setup" time="0.0">
    <ignored/>
  </testcase> <!-- @BeforeTest setup -->
  <testcase classname="TestBase.BaseClass" name="@AfterTest exit" time="0.0">
    <ignored/>
  </testcase> <!-- @AfterTest exit -->
  <testcase classname="TestBase.BaseClass" name="@BeforeTest setup" time="0.0">
    <ignored/>
  </testcase> <!-- @BeforeTest setup -->
  <testcase classname="TestBase.BaseClass" name="@BeforeTest setup" time="0.0">
    <ignored/>
  </testcase> <!-- @BeforeTest setup -->
</testsuite> <!-- Edge Test -->
